# JRE version: Java(TM) SE Runtime Environment (8.0_171-b11) (build 1.8.0_171-b11)
# Java VM: Java HotSpot(TM) 64-Bit Server VM (25.171-b11 mixed mode windows-amd64 compressed oops)
Heap:
 garbage-first heap   total 479232K, used 261154K [0x00000000c0000000, 0x00000000c0100ea0, 0x0000000100000000)
  region size 1024K, 117 young (119808K), 3 survivors (3072K)
 Metaspace       used 51309K, capacity 54370K, committed 54528K, reserved 1097728K
  class space    used 5454K, capacity 6332K, committed 6400K, reserved 1048576K
GC Heap History (10 events):
Event: 24.737 GC heap before
{Heap before GC invocations=19 (full 0):
 garbage-first heap   total 167936K, used 138380K [0x00000000c0000000, 0x00000000c0100520, 0x0000000100000000)
  region size 1024K, 34 young (34816K), 1 survivors (1024K)
 Metaspace       used 45071K, capacity 47492K, committed 47616K, reserved 1091584K
  class space    used 4890K, capacity 5631K, committed 5632K, reserved 1048576K
Event: 24.749 GC heap after
Heap after GC invocations=20 (full 0):
 garbage-first heap   total 167936K, used 117388K [0x00000000c0000000, 0x00000000c0100520, 0x0000000100000000)
  region size 1024K, 5 young (5120K), 5 survivors (5120K)
 Metaspace       used 45071K, capacity 47492K, committed 47616K, reserved 1091584K
  class space    used 4890K, capacity 5631K, committed 5632K, reserved 1048576K
}
Event: 24.847 GC heap before
{Heap before GC invocations=20 (full 0):
 garbage-first heap   total 167936K, used 140940K [0x00000000c0000000, 0x00000000c0100520, 0x0000000100000000)
  region size 1024K, 28 young (28672K), 5 survivors (5120K)
 Metaspace       used 45079K, capacity 47492K, committed 47616K, reserved 1091584K
  class space    used 4890K, capacity 5631K, committed 5632K, reserved 1048576K
Event: 24.860 GC heap after
Heap after GC invocations=21 (full 0):
 garbage-first heap   total 167936K, used 128652K [0x00000000c0000000, 0x00000000c0100520, 0x0000000100000000)
  region size 1024K, 4 young (4096K), 4 survivors (4096K)
 Metaspace       used 45079K, capacity 47492K, committed 47616K, reserved 1091584K
  class space    used 4890K, capacity 5631K, committed 5632K, reserved 1048576K
}
Event: 25.066 GC heap before
{Heap before GC invocations=21 (full 0):
 garbage-first heap   total 167936K, used 142988K [0x00000000c0000000, 0x00000000c0100520, 0x0000000100000000)
  region size 1024K, 18 young (18432K), 4 survivors (4096K)
 Metaspace       used 45336K, capacity 47820K, committed 48000K, reserved 1091584K
  class space    used 4917K, capacity 5655K, committed 5760K, reserved 1048576K
Event: 25.088 GC heap after
Heap after GC invocations=22 (full 0):
 garbage-first heap   total 335872K, used 132450K [0x00000000c0000000, 0x00000000c0100a40, 0x0000000100000000)
  region size 1024K, 3 young (3072K), 3 survivors (3072K)
 Metaspace       used 45336K, capacity 47820K, committed 48000K, reserved 1091584K
  class space    used 4917K, capacity 5655K, committed 5760K, reserved 1048576K
}
Event: 25.893 GC heap before
{Heap before GC invocations=23 (full 0):
 garbage-first heap   total 335872K, used 258402K [0x00000000c0000000, 0x00000000c0100a40, 0x0000000100000000)
  region size 1024K, 126 young (129024K), 3 survivors (3072K)
 Metaspace       used 47182K, capacity 49870K, committed 50176K, reserved 1093632K
  class space    used 5043K, capacity 5862K, committed 5888K, reserved 1048576K
Event: 25.917 GC heap after
Heap after GC invocations=24 (full 0):
 garbage-first heap   total 479232K, used 152418K [0x00000000c0000000, 0x00000000c0100ea0, 0x0000000100000000)
  region size 1024K, 16 young (16384K), 16 survivors (16384K)
 Metaspace       used 47182K, capacity 49870K, committed 50176K, reserved 1093632K
  class space    used 5043K, capacity 5862K, committed 5888K, reserved 1048576K
}
Event: 25.948 GC heap before
{Heap before GC invocations=24 (full 0):
 garbage-first heap   total 479232K, used 159586K [0x00000000c0000000, 0x00000000c0100ea0, 0x0000000100000000)
  region size 1024K, 23 young (23552K), 16 survivors (16384K)
 Metaspace       used 47554K, capacity 50286K, committed 50560K, reserved 1093632K
  class space    used 5080K, capacity 5894K, committed 6016K, reserved 1048576K
Event: 25.971 GC heap after
Heap after GC invocations=25 (full 0):
 garbage-first heap   total 479232K, used 143714K [0x00000000c0000000, 0x00000000c0100ea0, 0x0000000100000000)
  region size 1024K, 3 young (3072K), 3 survivors (3072K)
 Metaspace       used 47554K, capacity 50286K, committed 50560K, reserved 1093632K
  class space    used 5080K, capacity 5894K, committed 6016K, reserved 1048576K
}

